<?xml version="1.0" encoding="UTF-8"?>
<!-- Generated by org.testng.reporters.JUnitXMLReporter -->
<testsuite hostname="Techpro" ignored="0" name="Default test" tests="4" failures="0" timestamp="26 Jul 2018 11:54:35 GMT" time="0.033" errors="0">
  <testcase name="loginTest" time="0.006" classname="test.TestNgFeatures"/>
  <testcase name="HomePageTest" time="0.002" classname="test.TestNgFeatures"/>
  <testcase name="RegPageTest" time="0.003" classname="test.TestNgFeatures"/>
  <testcase name="SearchPageTest" time="0.002" classname="test.TestNgFeatures"/>
</testsuite> <!-- Default test -->
